Working on company/P1.xyz...

========================================================================================================================
========================================================================================================================

No more information is needed, begin to calculate enthalpy of fomation of P1.xyz
Identify rings! Add ring correction to final predictoon
Add ring correction  503009.953592: 6.6835483199090575 kcal/mole into final prediction (based on depth=0 ring  503009.953592)
Prediction are made based on such group types:
[6[6[6][1][1]][6[6][1][1]][1][1]]: -4.94902197
[6[6[6][1][1]][6[6][1][1]][1][1]]: -4.94902197
[6[6[6][1][1]][6[6][1][1]][1][1]]: -4.94902197
[6[6[6][1][1]][6[6][1][1]][1][1]]: -4.94902197
[6[6[6][1][1]][6[6][1][1]][1][1]]: -4.94902197
Prediction of Hf_0 for P1.xyz is -47.4064241194819 KJ/mol
Prediction of Hf_298 for P1.xyz is -75.56949001318354 KJ/mol


Prediction of Hf_298 for P1.xyz in liquid pahse is -111.02232901485566 kJ/mol


Working on company/R1.xyz...

========================================================================================================================
========================================================================================================================

No more information is needed, begin to calculate enthalpy of fomation of R1.xyz
Identify rings! Add ring correction to final predictoon
Add ring correction  502609.428148: 5.616214366450806 kcal/mole into final prediction (based on depth=0 ring  502609.428148)
Prediction are made based on such group types:
[6[6[6][1][1]][6[6][1]][1][1]]: -4.91316901
[6[6[6][1][1]][6[6][1][1]][1][1]]: -4.94902197
[6[6[6][1][1]][6[6][1]][1][1]]: -4.91316901
[6[6[6][1][1]][6[6][1]][1]]   : 8.7673097
[6[6[6][1][1]][6[6][1]][1]]   : 8.7673097
Prediction of Hf_0 for R1.xyz is 58.47180720490894 KJ/mol
Prediction of Hf_298 for R1.xyz is 35.04294359326045 KJ/mol


Prediction of Hf_298 for R1.xyz in liquid pahse is 0.7262204453138992 kJ/mol


Working on company/step1P_A.xyz...

========================================================================================================================
========================================================================================================================

No more information is needed, begin to calculate enthalpy of fomation of step1P_A.xyz
Prediction are made based on such group types:
[8[6[7][7]][6[8][6]]]         : -39.91756426
[7[6[1][1][1]][6[1][1][1]][6[8][7]]]: 13.26303543
[7[6[1][1][1]][6[8][7]]]      : 10.78556245
[6[6[1][1][1]][8[6]][8]]      : -42.93231508
[6[7[6][6]][8[6]][7[6]]]      : 25.55970934
Prediction of Hf_0 for step1P_A.xyz is -266.9417569851803 KJ/mol
Prediction of Hf_298 for step1P_A.xyz is -306.1935019204539 KJ/mol


Prediction of Hf_298 for step1P_A.xyz in liquid pahse is -355.79304174735495 kJ/mol


Working on company/step1P_B.xyz...

========================================================================================================================
========================================================================================================================

No more information is needed, begin to calculate enthalpy of fomation of step1P_B.xyz
Prediction are made based on such group types:
[7[6[1][1][1]][6[1][1][1]][1]]: 16.15517147
Prediction of Hf_0 for step1P_B.xyz is 5.936742383036414 KJ/mol
Prediction of Hf_298 for step1P_B.xyz is -15.96229605114516 KJ/mol


Prediction of Hf_298 for step1P_B.xyz in liquid pahse is -45.8891430501393 kJ/mol


Working on company/step1R_A.xyz...

========================================================================================================================
========================================================================================================================

No more information is needed, begin to calculate enthalpy of fomation of step1R_A.xyz
Prediction are made based on such group types:
[7[6[1][1][1]][6[1][1][1]][6[7][7]]]: 13.77024686
[7[6[1][1][1]][6[1][1][1]][6[7][7]]]: 13.77024686
[7[6[1][1][1]][6[7][7]]]      : 3.77436967
[6[7[6][6]][7[6][6]][7[6]]]   : 33.94196315
Prediction of Hf_0 for step1R_A.xyz is 113.09146326870457 KJ/mol
Prediction of Hf_298 for step1R_A.xyz is 64.14561366660244 KJ/mol


Prediction of Hf_298 for step1R_A.xyz in liquid pahse is 20.097642204827167 kJ/mol


Working on company/step1R_B.xyz...

========================================================================================================================
========================================================================================================================

No more information is needed, begin to calculate enthalpy of fomation of step1R_B.xyz
Prediction are made based on such group types:
[6[6[1][1][1]][8[1]][8]]      : -43.28403387
[8[6[8][6]][1]]               : -49.63129399
Prediction of Hf_0 for step1R_B.xyz is -417.37959804356376 KJ/mol
Prediction of Hf_298 for step1R_B.xyz is -430.5350320075647 KJ/mol


Prediction of Hf_298 for step1R_B.xyz in liquid pahse is -479.69793648772895 kJ/mol


Working on company/step2P_A.xyz...

========================================================================================================================
========================================================================================================================

No more information is needed, begin to calculate enthalpy of fomation of step2P_A.xyz
Prediction are made based on such group types:
[8[6[8][6]][7[1][1]]]         : -22.90045584
[6[6[1][1][1]][8[7]][8]]      : -41.73126285
[7[8[6]][1][1]]               : 16.64787021
Prediction of Hf_0 for step2P_A.xyz is -224.5007509853309 KJ/mol
Prediction of Hf_298 for step2P_A.xyz is -242.54192982602945 KJ/mol


Prediction of Hf_298 for step2P_A.xyz in liquid pahse is -271.0361576983699 kJ/mol


Working on company/step2P_B.xyz...

========================================================================================================================
========================================================================================================================

No more information is needed, begin to calculate enthalpy of fomation of step2P_B.xyz
Prediction are made based on such group types:
[7[6[1][1][1]][6[8][7]][1]]   : 4.01743649
[6[7[6][6]][7[6][1]][8]]      : -39.79039211
[7[6[1][1][1]][6[1][1][1]][6[8][7]]]: 13.26303543
Prediction of Hf_0 for step2P_B.xyz is -186.5671790666343 KJ/mol
Prediction of Hf_298 for step2P_B.xyz is -219.5145903868522 KJ/mol


Prediction of Hf_298 for step2P_B.xyz in liquid pahse is -254.66725860484934 kJ/mol


Working on company/step3P_A.xyz...

========================================================================================================================
========================================================================================================================

No more information is needed, begin to calculate enthalpy of fomation of step3P_A.xyz
Prediction are made based on such group types:
[7[6[1][1][1]][6[8][6]][1]]   : 6.05430241
[6[6[1][1][1]][7[6][1]][8]]   : -41.85881772
Prediction of Hf_0 for step3P_A.xyz is -211.87564266169048 KJ/mol
Prediction of Hf_298 for step3P_A.xyz is -233.3613855300704 KJ/mol


Prediction of Hf_298 for step3P_A.xyz in liquid pahse is -308.44223722392246 kJ/mol


Working on company/step3P_B.xyz...

========================================================================================================================
========================================================================================================================

No more information is needed, begin to calculate enthalpy of fomation of step3P_B.xyz
Prediction are made based on such group types:
[8[7[1][1]][1]]               : -26.6236765
[7[8[1]][1][1]]               : 16.75831179
Prediction of Hf_0 for step3P_B.xyz is -30.894621515777846 KJ/mol
Prediction of Hf_298 for step3P_B.xyz is -41.276640377229015 KJ/mol


Prediction of Hf_298 for step3P_B.xyz in liquid pahse is -60.87556500579133 kJ/mol


Working on company/step3R_B.xyz...

========================================================================================================================
========================================================================================================================

No more information is needed, begin to calculate enthalpy of fomation of step3R_B.xyz
Prediction are made based on such group types:
[7[6[1][1][1]][1][1]]         : 5.27677953
Prediction of Hf_0 for step3R_B.xyz is -4.649215124306501 KJ/mol
Prediction of Hf_298 for step3R_B.xyz is -19.699708250002093 KJ/mol


Prediction of Hf_298 for step3R_B.xyz in liquid pahse is -43.74628450045348 kJ/mol


